14:45:38 - Still training...
14:46:08 - Still training...
14:46:39 - Still training...
14:47:10 - Still training...
14:47:41 - Still training...
14:48:11 - Still training...
14:48:42 - Still training...
14:49:12 - Still training...
14:49:43 - Still training...
14:50:14 - Still training...
14:50:45 - Still training...
14:51:15 - Still training...
14:51:46 - Still training...
14:52:17 - Still training...
14:52:48 - Still training...
14:53:19 - Still training...
14:53:49 - Still training...
14:54:20 - Still training...
14:54:51 - Still training...
14:55:22 - Still training...
14:55:52 - Still training...
14:56:23 - Still training...
14:56:53 - Still training...
14:57:24 - Still training...
14:57:55 - Still training...
14:58:25 - Still training...
14:58:56 - Still training...
14:59:27 - Still training...
14:59:58 - Still training...
15:00:28 - Still training...
15:00:59 - Still training...
15:01:30 - Still training...
15:02:01 - Still training...
15:02:32 - Still training...
15:03:02 - Still training...
15:03:33 - Still training...
15:04:03 - Still training...
15:04:34 - Still training...
15:05:05 - Still training...
15:05:35 - Still training...
15:06:06 - Still training...
15:06:37 - Still training...
15:07:08 - Still training...
15:07:39 - Still training...
15:08:09 - Still training...
15:08:40 - Still training...
15:09:11 - Still training...
15:09:42 - Still training...
15:10:12 - Still training...
15:10:43 - Still training...
15:11:14 - Still training...
15:11:44 - Still training...
15:12:15 - Still training...
15:12:46 - Still training...
15:13:16 - Still training...
15:13:47 - Still training...
15:14:18 - Still training...
15:14:49 - Still training...
15:15:19 - Still training...
15:15:50 - Still training...
15:16:21 - Still training...
15:16:52 - Still training...
15:17:22 - Still training...
15:17:53 - Still training...
15:18:23 - Still training...
15:18:54 - Still training...
15:19:24 - Still training...
15:19:54 - Still training...
15:19:54 - Training complete! Starting evaluation...
15:23:44 - Evaluation complete!
15:20:10 │ INFO     │   Races:    1000
15:20:10 │ INFO     │ 
  Running head-to-head comparison...
15:23:42 │ INFO     │ 
  ───────────────────────────────────────────────────────
15:23:42 │ INFO     │                           RESULTS                        
15:23:42 │ INFO     │   ───────────────────────────────────────────────────────
15:23:42 │ INFO     │                                     MC              RL
15:23:42 │ INFO     │   Median time                  5475.4s         5470.2s
15:23:42 │ INFO     │   Std time                      149.8s          147.7s
15:23:42 │ INFO     │   Mean stops                         2           1.30
15:23:42 │ INFO     │   Mean SC events                 0.64           0.68
15:23:42 │ INFO     │   ───────────────────────────────────────────────────────
15:23:42 │ INFO     │   RL advantage:  +5.18s (median)
15:23:42 │ INFO     │   RL win rate:   45.1%
15:23:42 │ INFO     │     SC races:    49.6% (703 races)
15:23:42 │ INFO     │     No-SC races: 34.3% (297 races)
15:23:42 │ INFO     │ 
  ✓ Saved: results/rl_comparison_bahrain_2025.json
15:23:42 │ INFO     │ ✓ Written: frontend/src/data/rl.ts (1 circuits)
