=== Starting RL Training for 23 circuits ===
Start time: Thu Feb 12 15:26:10 CET 2026

[15:26:10] Training monaco...
[16:41:43] ✓ Training complete for monaco
[16:41:43] Evaluating monaco...
[16:46:09] ✓ Evaluation complete for monaco
16:46:08 │ INFO     │   Median time                  7357.3s         7333.5s
16:46:08 │ INFO     │   RL advantage:  +23.82s (median)
16:46:08 │ INFO     │   RL win rate:   60.1%

[16:46:09] Training singapore...
[18:01:37] ✓ Training complete for singapore
[18:01:37] Evaluating singapore...
[18:04:59] ✓ Evaluation complete for singapore
18:04:58 │ INFO     │   Median time                  5919.4s         5909.7s
18:04:58 │ INFO     │   RL advantage:  +9.72s (median)
18:04:58 │ INFO     │   RL win rate:   42.9%

[18:04:59] Training jeddah...
[19:10:58] ✓ Training complete for jeddah
[19:10:58] Evaluating jeddah...
[19:13:55] ✓ Evaluation complete for jeddah
19:13:54 │ INFO     │   Median time                  4882.9s         4864.1s
19:13:54 │ INFO     │   RL advantage:  +18.85s (median)
19:13:54 │ INFO     │   RL win rate:   50.5%

[19:13:55] Training suzuka...
[20:14:01] ✓ Training complete for suzuka
[20:14:01] Evaluating suzuka...
[20:15:23] ✓ Evaluation complete for suzuka
20:15:22 │ INFO     │   Median time                  5061.3s         5051.8s
20:15:22 │ INFO     │   RL advantage:  +9.46s (median)
20:15:22 │ INFO     │   RL win rate:   44.0%

[20:15:23] Training spa...
[20:36:06] ✓ Training complete for spa
[20:36:06] Evaluating spa...
[20:37:26] ✓ Evaluation complete for spa
20:37:25 │ INFO     │   Median time                  4207.5s         4197.0s
20:37:25 │ INFO     │   RL advantage:  +10.50s (median)
20:37:25 │ INFO     │   RL win rate:   49.1%

[20:37:26] Training silverstone...
[21:49:21] ✓ Training complete for silverstone
[21:49:21] Evaluating silverstone...
[21:50:27] ✓ Evaluation complete for silverstone
21:50:27 │ INFO     │   Median time                  5006.7s         4980.9s
21:50:27 │ INFO     │   RL advantage:  +25.82s (median)
21:50:27 │ INFO     │   RL win rate:   49.4%

[21:50:27] Training monza...
[22:18:11] ✓ Training complete for monza
[22:18:11] Evaluating monza...
[22:20:23] ✓ Evaluation complete for monza
22:20:22 │ INFO     │   Median time                  5002.7s         5001.5s
22:20:22 │ INFO     │   RL advantage:  +1.21s (median)
22:20:22 │ INFO     │   RL win rate:   41.5%

[22:20:23] Training interlagos...
[22:57:23] ✓ Training complete for interlagos
[22:57:23] Evaluating interlagos...
[23:00:47] ✓ Evaluation complete for interlagos
23:00:46 │ INFO     │   Median time                  6878.2s         6908.5s
23:00:46 │ INFO     │   RL advantage:  -30.30s (median)
23:00:46 │ INFO     │   RL win rate:   43.7%

[23:00:47] Training montreal...
[23:39:53] ✓ Training complete for montreal
[23:39:53] Evaluating montreal...
[23:42:24] ✓ Evaluation complete for montreal
23:42:23 │ INFO     │   Median time                  6754.7s         6770.6s
23:42:23 │ INFO     │   RL advantage:  -15.97s (median)
23:42:23 │ INFO     │   RL win rate:   44.2%

[23:42:24] Training baku...
[00:06:59] ✓ Training complete for baku
[00:06:59] Evaluating baku...
[00:08:02] ✓ Evaluation complete for baku
00:08:02 │ INFO     │   Median time                  4851.7s         4846.3s
00:08:02 │ INFO     │   RL advantage:  +5.42s (median)
00:08:02 │ INFO     │   RL win rate:   49.7%

[00:08:02] Training miami...
[00:26:19] ✓ Training complete for miami
[00:26:19] Evaluating miami...
[00:27:28] ✓ Evaluation complete for miami
00:27:27 │ INFO     │   Median time                  5431.3s         5428.7s
00:27:27 │ INFO     │   RL advantage:  +2.58s (median)
00:27:27 │ INFO     │   RL win rate:   46.1%

[00:27:28] Training las_vegas...
[00:45:55] ✓ Training complete for las_vegas
[00:45:55] Evaluating las_vegas...
[00:46:58] ✓ Evaluation complete for las_vegas
00:46:57 │ INFO     │   Median time                  4757.9s         4758.8s
00:46:57 │ INFO     │   RL advantage:  -0.89s (median)
00:46:57 │ INFO     │   RL win rate:   44.5%

[00:46:58] Training mexico...
[01:05:47] ✓ Training complete for mexico
[01:05:47] Evaluating mexico...
[01:07:06] ✓ Evaluation complete for mexico
01:07:05 │ INFO     │   Median time                  6758.9s         6774.8s
01:07:05 │ INFO     │   RL advantage:  -15.93s (median)
01:07:05 │ INFO     │   RL win rate:   43.3%

[01:07:06] Training cota...
[01:25:24] ✓ Training complete for cota
[01:25:24] Evaluating cota...
[01:26:31] ✓ Evaluation complete for cota
01:26:30 │ INFO     │   Median time                  5346.5s         5348.8s
01:26:30 │ INFO     │   RL advantage:  -2.28s (median)
01:26:30 │ INFO     │   RL win rate:   39.6%

[01:26:31] Training shanghai...
[01:44:41] ✓ Training complete for shanghai
[01:44:41] Evaluating shanghai...
[01:45:48] ✓ Evaluation complete for shanghai
01:45:48 │ INFO     │   Median time                  5353.7s         5362.1s
01:45:48 │ INFO     │   RL advantage:  -8.34s (median)
01:45:48 │ INFO     │   RL win rate:   41.2%

[01:45:48] Training imola...
[02:04:45] ✓ Training complete for imola
[02:04:45] Evaluating imola...
[02:05:58] ✓ Evaluation complete for imola
02:05:57 │ INFO     │   Median time                  6038.4s         6037.7s
02:05:57 │ INFO     │   RL advantage:  +0.71s (median)
02:05:57 │ INFO     │   RL win rate:   42.0%

[02:05:58] Training barcelona...
[02:28:10] ✓ Training complete for barcelona
[02:28:10] Evaluating barcelona...
[02:30:23] ✓ Evaluation complete for barcelona
02:30:22 │ INFO     │   Median time                  6209.7s         6228.4s
02:30:22 │ INFO     │   RL advantage:  -18.73s (median)
02:30:22 │ INFO     │   RL win rate:   29.5%

[02:30:23] Training albert_park...
[03:01:23] ✓ Training complete for albert_park
[03:01:23] Evaluating albert_park...
[03:03:03] ✓ Evaluation complete for albert_park
03:03:02 │ INFO     │   Median time                  5604.2s         5598.5s
03:03:02 │ INFO     │   RL advantage:  +5.70s (median)
03:03:02 │ INFO     │   RL win rate:   46.1%

[03:03:03] Training yas_marina...
[03:31:00] ✓ Training complete for yas_marina
[03:31:00] Evaluating yas_marina...
[03:32:18] ✓ Evaluation complete for yas_marina
03:32:18 │ INFO     │   Median time                  5447.7s         5414.1s
03:32:18 │ INFO     │   RL advantage:  +33.54s (median)
03:32:18 │ INFO     │   RL win rate:   41.9%

[03:32:18] Training lusail...
[03:51:19] ✓ Training complete for lusail
[03:51:19] Evaluating lusail...
[03:52:35] ✓ Evaluation complete for lusail
03:52:34 │ INFO     │   Median time                  5489.9s         5477.7s
03:52:34 │ INFO     │   RL advantage:  +12.18s (median)
03:52:34 │ INFO     │   RL win rate:   48.9%

[03:52:35] Training spielberg...
[04:11:51] ✓ Training complete for spielberg
[04:11:51] Evaluating spielberg...
[04:13:15] ✓ Evaluation complete for spielberg
04:13:14 │ INFO     │   Median time                  6769.4s         6787.5s
04:13:14 │ INFO     │   RL advantage:  -18.08s (median)
04:13:14 │ INFO     │   RL win rate:   43.7%

[04:13:15] Training hungaroring...
[04:32:17] ✓ Training complete for hungaroring
[04:32:17] Evaluating hungaroring...
[04:33:49] ✓ Evaluation complete for hungaroring
04:33:48 │ INFO     │   Median time                  6574.3s         6565.7s
04:33:48 │ INFO     │   RL advantage:  +8.56s (median)
04:33:48 │ INFO     │   RL win rate:   36.2%

[04:33:49] Training zandvoort...
[04:52:46] ✓ Training complete for zandvoort
[04:52:46] Evaluating zandvoort...
[04:54:18] ✓ Evaluation complete for zandvoort
04:54:17 │ INFO     │   Median time                  6904.3s         6911.2s
04:54:17 │ INFO     │   RL advantage:  -6.84s (median)
04:54:17 │ INFO     │   RL win rate:   44.2%

=== All circuits complete ===
End time: Fri Feb 13 04:54:18 CET 2026

=== FINAL SUMMARY ===
monaco: Win rate │, Advantage INFO
singapore: Win rate │, Advantage INFO
jeddah: Win rate │, Advantage INFO
suzuka: Win rate │, Advantage INFO
spa: Win rate │, Advantage INFO
silverstone: Win rate │, Advantage INFO
monza: Win rate │, Advantage INFO
interlagos: Win rate │, Advantage INFO
montreal: Win rate │, Advantage INFO
baku: Win rate │, Advantage INFO
miami: Win rate │, Advantage INFO
las_vegas: Win rate │, Advantage INFO
mexico: Win rate │, Advantage INFO
cota: Win rate │, Advantage INFO
shanghai: Win rate │, Advantage INFO
imola: Win rate │, Advantage INFO
barcelona: Win rate │, Advantage INFO
albert_park: Win rate │, Advantage INFO
yas_marina: Win rate │, Advantage INFO
lusail: Win rate │, Advantage INFO
spielberg: Win rate │, Advantage INFO
hungaroring: Win rate │, Advantage INFO
zandvoort: Win rate │, Advantage INFO
