14:39:24 │ INFO     │ =================================================================
14:39:24 │ INFO     │   TRAINING RL AGENT — BAHRAIN
14:39:24 │ INFO     │ =================================================================
14:39:24 │ INFO     │   Circuit:    bahrain
14:39:24 │ INFO     │   Timesteps:  500,000
14:39:24 │ INFO     │   Obs space:  (14,)
14:39:24 │ INFO     │   Action:     Discrete(2) — stay/pit
/home/imsounic/f1-strategy-optimizer/venv/lib/python3.12/site-packages/stable_baselines3/common/on_policy_algorithm.py:150: UserWarning: You are trying to run PPO on the GPU, but it is primarily intended to run on the CPU when not using a CNN policy (you are using ActorCriticPolicy which should be a MlpPolicy). See https://github.com/DLR-RM/stable-baselines3/issues/1245 for more info. You can pass `device='cpu'` or `export CUDA_VISIBLE_DEVICES=` to force using the CPU.Note: The model will train, but the GPU utilization will be poor and the training might take longer than on CPU.
  warnings.warn(
14:39:26 │ INFO     │   Policy:     MLP [128, 128]
14:39:26 │ INFO     │   Algorithm:  PPO (gamma=0.998, lr=0.0003)
14:39:26 │ INFO     │ 
  Training...
14:41:24 │ INFO     │   Step   50,000 | Mean reward:   -18.4 | Std:   5.5 | Mean race time:   5510.0s
14:43:38 │ INFO     │   Step  100,000 | Mean reward:   -17.6 | Std:   2.2 | Mean race time:   5484.6s
14:45:46 │ INFO     │   Step  150,000 | Mean reward:   -17.5 | Std:   2.0 | Mean race time:   5483.5s
14:47:52 │ INFO     │   Step  200,000 | Mean reward:   -17.0 | Std:   2.0 | Mean race time:   5471.1s
14:50:07 │ INFO     │   Step  250,000 | Mean reward:   -17.1 | Std:   2.0 | Mean race time:   5494.0s
14:52:07 │ INFO     │   Step  300,000 | Mean reward:   -16.8 | Std:   1.9 | Mean race time:   5507.6s
14:54:43 │ INFO     │   Step  350,000 | Mean reward:   -16.9 | Std:   2.1 | Mean race time:   5486.4s
15:02:28 │ INFO     │   Step  400,000 | Mean reward:   -17.2 | Std:   2.3 | Mean race time:   5514.2s
15:12:14 │ INFO     │   Step  450,000 | Mean reward:   -17.2 | Std:   2.1 | Mean race time:   5488.4s
15:19:30 │ INFO     │   Step  500,000 | Mean reward:   -17.4 | Std:   1.9 | Mean race time:   5486.4s
15:19:51 │ INFO     │ 
  ✓ Training complete in 2425s
15:19:51 │ INFO     │     Races simulated: ~8,771
15:19:51 │ INFO     │     Speed: 206 steps/sec
15:19:51 │ INFO     │     Saved: models/rl/ppo_bahrain_2025
15:19:51 │ INFO     │ 
  Evaluating (100 races)...
15:20:34 │ INFO     │     Median race time: 5443.4s
15:20:34 │ INFO     │     Mean stops:       1.29
15:20:34 │ INFO     │     Mean SC events:   0.59
15:20:34 │ INFO     │     Compound variety: 2.3 types
15:20:34 │ INFO     │     Legal races:      100%
