19:13:58 │ INFO     │ =================================================================
19:13:58 │ INFO     │   TRAINING RL AGENT — SUZUKA
19:13:58 │ INFO     │ =================================================================
19:13:59 │ INFO     │   Circuit:    suzuka
19:13:59 │ INFO     │   Timesteps:  500,000
19:13:59 │ INFO     │   Obs space:  (14,)
19:13:59 │ INFO     │   Action:     Discrete(2) — stay/pit
/home/imsounic/f1-strategy-optimizer/venv/lib/python3.12/site-packages/stable_baselines3/common/on_policy_algorithm.py:150: UserWarning: You are trying to run PPO on the GPU, but it is primarily intended to run on the CPU when not using a CNN policy (you are using ActorCriticPolicy which should be a MlpPolicy). See https://github.com/DLR-RM/stable-baselines3/issues/1245 for more info. You can pass `device='cpu'` or `export CUDA_VISIBLE_DEVICES=` to force using the CPU.Note: The model will train, but the GPU utilization will be poor and the training might take longer than on CPU.
  warnings.warn(
19:14:00 │ INFO     │   Policy:     MLP [128, 128]
19:14:00 │ INFO     │   Algorithm:  PPO (gamma=0.998, lr=0.0003)
19:14:00 │ INFO     │ 
  Training...
19:22:01 │ INFO     │   Step   50,000 | Mean reward:   -16.6 | Std:   8.3 | Mean race time:   5097.5s
19:28:00 │ INFO     │   Step  100,000 | Mean reward:   -14.6 | Std:   5.2 | Mean race time:   5066.9s
19:34:08 │ INFO     │   Step  150,000 | Mean reward:   -14.3 | Std:   2.2 | Mean race time:   5070.5s
19:40:36 │ INFO     │   Step  200,000 | Mean reward:   -13.8 | Std:   1.9 | Mean race time:   5073.5s
19:46:57 │ INFO     │   Step  250,000 | Mean reward:   -13.9 | Std:   2.3 | Mean race time:   5073.2s
19:54:53 │ INFO     │   Step  300,000 | Mean reward:   -14.2 | Std:   2.1 | Mean race time:   5085.9s
20:00:32 │ INFO     │   Step  350,000 | Mean reward:   -14.5 | Std:   2.1 | Mean race time:   5096.6s
20:07:07 │ INFO     │   Step  400,000 | Mean reward:   -13.8 | Std:   1.7 | Mean race time:   5050.0s
20:11:27 │ INFO     │   Step  450,000 | Mean reward:   -14.4 | Std:   1.9 | Mean race time:   5063.8s
20:13:45 │ INFO     │   Step  500,000 | Mean reward:   -15.3 | Std:   6.8 | Mean race time:   5078.1s
20:13:50 │ INFO     │ 
  ✓ Training complete in 3590s
20:13:50 │ INFO     │     Races simulated: ~9,433
20:13:50 │ INFO     │     Speed: 139 steps/sec
20:13:50 │ INFO     │     Saved: models/rl/ppo_suzuka_2025
20:13:50 │ INFO     │ 
  Evaluating (100 races)...
20:13:55 │ INFO     │     Median race time: 5037.2s
20:13:55 │ INFO     │     Mean stops:       0.62
20:13:55 │ INFO     │     Mean SC events:   0.58
20:13:55 │ INFO     │     Compound variety: 1.6 types
20:13:55 │ INFO     │     Legal races:      55%
