01:45:50 │ INFO     │ =================================================================
01:45:50 │ INFO     │   TRAINING RL AGENT — IMOLA
01:45:50 │ INFO     │ =================================================================
01:45:51 │ INFO     │   Circuit:    imola
01:45:51 │ INFO     │   Timesteps:  500,000
01:45:51 │ INFO     │   Obs space:  (14,)
01:45:51 │ INFO     │   Action:     Discrete(2) — stay/pit
/home/imsounic/f1-strategy-optimizer/venv/lib/python3.12/site-packages/stable_baselines3/common/on_policy_algorithm.py:150: UserWarning: You are trying to run PPO on the GPU, but it is primarily intended to run on the CPU when not using a CNN policy (you are using ActorCriticPolicy which should be a MlpPolicy). See https://github.com/DLR-RM/stable-baselines3/issues/1245 for more info. You can pass `device='cpu'` or `export CUDA_VISIBLE_DEVICES=` to force using the CPU.Note: The model will train, but the GPU utilization will be poor and the training might take longer than on CPU.
  warnings.warn(
01:45:51 │ INFO     │   Policy:     MLP [128, 128]
01:45:51 │ INFO     │   Algorithm:  PPO (gamma=0.998, lr=0.0003)
01:45:51 │ INFO     │ 
  Training...
01:47:40 │ INFO     │   Step   50,000 | Mean reward:   -19.3 | Std:   9.9 | Mean race time:   6085.6s
01:49:27 │ INFO     │   Step  100,000 | Mean reward:   -16.3 | Std:   2.1 | Mean race time:   6062.7s
01:51:19 │ INFO     │   Step  150,000 | Mean reward:   -16.6 | Std:   2.2 | Mean race time:   6049.3s
01:53:10 │ INFO     │   Step  200,000 | Mean reward:   -16.7 | Std:   2.0 | Mean race time:   6052.4s
01:54:57 │ INFO     │   Step  250,000 | Mean reward:   -16.7 | Std:   2.4 | Mean race time:   6077.9s
01:56:45 │ INFO     │   Step  300,000 | Mean reward:   -17.6 | Std:   2.2 | Mean race time:   6071.6s
01:58:38 │ INFO     │   Step  350,000 | Mean reward:   -16.5 | Std:   1.8 | Mean race time:   6073.1s
02:00:37 │ INFO     │   Step  400,000 | Mean reward:   -16.5 | Std:   2.1 | Mean race time:   6065.1s
02:02:36 │ INFO     │   Step  450,000 | Mean reward:   -16.9 | Std:   2.2 | Mean race time:   6047.3s
02:04:34 │ INFO     │   Step  500,000 | Mean reward:   -16.5 | Std:   2.1 | Mean race time:   6051.7s
02:04:39 │ INFO     │ 
  ✓ Training complete in 1127s
02:04:39 │ INFO     │     Races simulated: ~7,936
02:04:39 │ INFO     │     Speed: 444 steps/sec
02:04:39 │ INFO     │     Saved: models/rl/ppo_imola_2025
02:04:39 │ INFO     │ 
  Evaluating (100 races)...
02:04:44 │ INFO     │     Median race time: 6040.5s
02:04:44 │ INFO     │     Mean stops:       1.29
02:04:44 │ INFO     │     Mean SC events:   0.80
02:04:44 │ INFO     │     Compound variety: 2.2 types
02:04:44 │ INFO     │     Legal races:      100%
