02:30:25 │ INFO     │ =================================================================
02:30:25 │ INFO     │   TRAINING RL AGENT — ALBERT_PARK
02:30:25 │ INFO     │ =================================================================
02:30:27 │ INFO     │   Circuit:    albert_park
02:30:27 │ INFO     │   Timesteps:  500,000
02:30:27 │ INFO     │   Obs space:  (14,)
02:30:27 │ INFO     │   Action:     Discrete(2) — stay/pit
/home/imsounic/f1-strategy-optimizer/venv/lib/python3.12/site-packages/stable_baselines3/common/on_policy_algorithm.py:150: UserWarning: You are trying to run PPO on the GPU, but it is primarily intended to run on the CPU when not using a CNN policy (you are using ActorCriticPolicy which should be a MlpPolicy). See https://github.com/DLR-RM/stable-baselines3/issues/1245 for more info. You can pass `device='cpu'` or `export CUDA_VISIBLE_DEVICES=` to force using the CPU.Note: The model will train, but the GPU utilization will be poor and the training might take longer than on CPU.
  warnings.warn(
02:30:28 │ INFO     │   Policy:     MLP [128, 128]
02:30:28 │ INFO     │   Algorithm:  PPO (gamma=0.998, lr=0.0003)
02:30:28 │ INFO     │ 
  Training...
02:33:49 │ INFO     │   Step   50,000 | Mean reward:   -16.6 | Std:   5.5 | Mean race time:   5605.0s
02:37:07 │ INFO     │   Step  100,000 | Mean reward:   -15.8 | Std:   2.5 | Mean race time:   5638.2s
02:40:28 │ INFO     │   Step  150,000 | Mean reward:   -16.0 | Std:   2.6 | Mean race time:   5620.2s
02:43:37 │ INFO     │   Step  200,000 | Mean reward:   -15.6 | Std:   2.0 | Mean race time:   5624.5s
02:46:32 │ INFO     │   Step  250,000 | Mean reward:   -15.6 | Std:   2.2 | Mean race time:   5618.4s
02:49:26 │ INFO     │   Step  300,000 | Mean reward:   -15.8 | Std:   2.1 | Mean race time:   5601.7s
02:52:22 │ INFO     │   Step  350,000 | Mean reward:   -15.6 | Std:   1.9 | Mean race time:   5613.3s
02:55:18 │ INFO     │   Step  400,000 | Mean reward:   -15.7 | Std:   1.8 | Mean race time:   5608.5s
02:58:11 │ INFO     │   Step  450,000 | Mean reward:   -15.4 | Std:   2.0 | Mean race time:   5610.1s
03:01:09 │ INFO     │   Step  500,000 | Mean reward:   -15.5 | Std:   2.3 | Mean race time:   5617.9s
03:01:14 │ INFO     │ 
  ✓ Training complete in 1846s
03:01:14 │ INFO     │     Races simulated: ~8,620
03:01:14 │ INFO     │     Speed: 271 steps/sec
03:01:14 │ INFO     │     Saved: models/rl/ppo_albert_park_2025
03:01:14 │ INFO     │ 
  Evaluating (100 races)...
03:01:22 │ INFO     │     Median race time: 5599.6s
03:01:22 │ INFO     │     Mean stops:       1.46
03:01:22 │ INFO     │     Mean SC events:   0.86
03:01:22 │ INFO     │     Compound variety: 2.4 types
03:01:22 │ INFO     │     Legal races:      100%
