03:03:06 │ INFO     │ =================================================================
03:03:06 │ INFO     │   TRAINING RL AGENT — YAS_MARINA
03:03:06 │ INFO     │ =================================================================
03:03:07 │ INFO     │   Circuit:    yas_marina
03:03:07 │ INFO     │   Timesteps:  500,000
03:03:07 │ INFO     │   Obs space:  (14,)
03:03:07 │ INFO     │   Action:     Discrete(2) — stay/pit
/home/imsounic/f1-strategy-optimizer/venv/lib/python3.12/site-packages/stable_baselines3/common/on_policy_algorithm.py:150: UserWarning: You are trying to run PPO on the GPU, but it is primarily intended to run on the CPU when not using a CNN policy (you are using ActorCriticPolicy which should be a MlpPolicy). See https://github.com/DLR-RM/stable-baselines3/issues/1245 for more info. You can pass `device='cpu'` or `export CUDA_VISIBLE_DEVICES=` to force using the CPU.Note: The model will train, but the GPU utilization will be poor and the training might take longer than on CPU.
  warnings.warn(
03:03:08 │ INFO     │   Policy:     MLP [128, 128]
03:03:08 │ INFO     │   Algorithm:  PPO (gamma=0.998, lr=0.0003)
03:03:08 │ INFO     │ 
  Training...
03:06:01 │ INFO     │   Step   50,000 | Mean reward:   -16.5 | Std:   5.2 | Mean race time:   5492.8s
03:08:57 │ INFO     │   Step  100,000 | Mean reward:   -15.3 | Std:   1.4 | Mean race time:   5487.0s
03:13:50 │ INFO     │   Step  150,000 | Mean reward:   -15.4 | Std:   1.7 | Mean race time:   5487.7s
03:19:06 │ INFO     │   Step  200,000 | Mean reward:   -15.1 | Std:   1.4 | Mean race time:   5473.9s
03:21:46 │ INFO     │   Step  250,000 | Mean reward:   -15.0 | Std:   1.4 | Mean race time:   5499.6s
03:23:33 │ INFO     │   Step  300,000 | Mean reward:   -15.0 | Std:   1.7 | Mean race time:   5516.4s
03:25:24 │ INFO     │   Step  350,000 | Mean reward:   -15.8 | Std:   1.7 | Mean race time:   5489.3s
03:27:12 │ INFO     │   Step  400,000 | Mean reward:   -15.2 | Std:   1.4 | Mean race time:   5469.0s
03:29:00 │ INFO     │   Step  450,000 | Mean reward:   -15.2 | Std:   1.2 | Mean race time:   5479.1s
03:30:51 │ INFO     │   Step  500,000 | Mean reward:   -15.3 | Std:   1.6 | Mean race time:   5483.1s
03:30:55 │ INFO     │ 
  ✓ Training complete in 1667s
03:30:55 │ INFO     │     Races simulated: ~8,620
03:30:55 │ INFO     │     Speed: 300 steps/sec
03:30:55 │ INFO     │     Saved: models/rl/ppo_yas_marina_2025
03:30:55 │ INFO     │ 
  Evaluating (100 races)...
03:30:59 │ INFO     │     Median race time: 5412.1s
03:30:59 │ INFO     │     Mean stops:       1.41
03:30:59 │ INFO     │     Mean SC events:   0.20
03:30:59 │ INFO     │     Compound variety: 2.2 types
03:30:59 │ INFO     │     Legal races:      100%
