20:37:28 │ INFO     │ =================================================================
20:37:28 │ INFO     │   TRAINING RL AGENT — SILVERSTONE
20:37:28 │ INFO     │ =================================================================
20:37:29 │ INFO     │   Circuit:    silverstone
20:37:29 │ INFO     │   Timesteps:  500,000
20:37:29 │ INFO     │   Obs space:  (14,)
20:37:29 │ INFO     │   Action:     Discrete(2) — stay/pit
/home/imsounic/f1-strategy-optimizer/venv/lib/python3.12/site-packages/stable_baselines3/common/on_policy_algorithm.py:150: UserWarning: You are trying to run PPO on the GPU, but it is primarily intended to run on the CPU when not using a CNN policy (you are using ActorCriticPolicy which should be a MlpPolicy). See https://github.com/DLR-RM/stable-baselines3/issues/1245 for more info. You can pass `device='cpu'` or `export CUDA_VISIBLE_DEVICES=` to force using the CPU.Note: The model will train, but the GPU utilization will be poor and the training might take longer than on CPU.
  warnings.warn(
20:37:31 │ INFO     │   Policy:     MLP [128, 128]
20:37:31 │ INFO     │   Algorithm:  PPO (gamma=0.998, lr=0.0003)
20:37:31 │ INFO     │ 
  Training...
20:40:37 │ INFO     │   Step   50,000 | Mean reward:   -13.0 | Std:   5.1 | Mean race time:   5029.3s
20:43:42 │ INFO     │   Step  100,000 | Mean reward:   -12.8 | Std:   5.1 | Mean race time:   5015.4s
20:51:15 │ INFO     │   Step  150,000 | Mean reward:   -12.2 | Std:   5.3 | Mean race time:   5010.2s
21:00:39 │ INFO     │   Step  200,000 | Mean reward:   -12.6 | Std:   6.8 | Mean race time:   5026.2s
21:08:59 │ INFO     │   Step  250,000 | Mean reward:   -11.3 | Std:   1.8 | Mean race time:   5012.6s
21:21:19 │ INFO     │   Step  300,000 | Mean reward:   -12.1 | Std:   2.5 | Mean race time:   5022.1s
21:30:38 │ INFO     │   Step  350,000 | Mean reward:   -12.1 | Std:   2.5 | Mean race time:   5016.5s
21:39:46 │ INFO     │   Step  400,000 | Mean reward:   -11.9 | Std:   2.1 | Mean race time:   5000.1s
21:47:18 │ INFO     │   Step  450,000 | Mean reward:   -12.1 | Std:   2.0 | Mean race time:   5004.4s
21:49:11 │ INFO     │   Step  500,000 | Mean reward:   -11.9 | Std:   2.3 | Mean race time:   4995.1s
21:49:15 │ INFO     │ 
  ✓ Training complete in 4304s
21:49:15 │ INFO     │     Races simulated: ~9,615
21:49:15 │ INFO     │     Speed: 116 steps/sec
21:49:15 │ INFO     │     Saved: models/rl/ppo_silverstone_2025
21:49:15 │ INFO     │ 
  Evaluating (100 races)...
21:49:19 │ INFO     │     Median race time: 4965.7s
21:49:19 │ INFO     │     Mean stops:       1.23
21:49:19 │ INFO     │     Mean SC events:   0.78
21:49:19 │ INFO     │     Compound variety: 2.2 types
21:49:19 │ INFO     │     Legal races:      100%
