02:06:00 │ INFO     │ =================================================================
02:06:00 │ INFO     │   TRAINING RL AGENT — BARCELONA
02:06:00 │ INFO     │ =================================================================
02:06:00 │ INFO     │   Circuit:    barcelona
02:06:00 │ INFO     │   Timesteps:  500,000
02:06:00 │ INFO     │   Obs space:  (14,)
02:06:00 │ INFO     │   Action:     Discrete(2) — stay/pit
/home/imsounic/f1-strategy-optimizer/venv/lib/python3.12/site-packages/stable_baselines3/common/on_policy_algorithm.py:150: UserWarning: You are trying to run PPO on the GPU, but it is primarily intended to run on the CPU when not using a CNN policy (you are using ActorCriticPolicy which should be a MlpPolicy). See https://github.com/DLR-RM/stable-baselines3/issues/1245 for more info. You can pass `device='cpu'` or `export CUDA_VISIBLE_DEVICES=` to force using the CPU.Note: The model will train, but the GPU utilization will be poor and the training might take longer than on CPU.
  warnings.warn(
02:06:01 │ INFO     │   Policy:     MLP [128, 128]
02:06:01 │ INFO     │   Algorithm:  PPO (gamma=0.998, lr=0.0003)
02:06:01 │ INFO     │ 
  Training...
02:07:56 │ INFO     │   Step   50,000 | Mean reward:   -18.1 | Std:   2.2 | Mean race time:   6300.8s
02:09:53 │ INFO     │   Step  100,000 | Mean reward:   -17.2 | Std:   1.6 | Mean race time:   6254.1s
02:11:57 │ INFO     │   Step  150,000 | Mean reward:   -17.3 | Std:   1.6 | Mean race time:   6277.1s
02:13:58 │ INFO     │   Step  200,000 | Mean reward:   -17.2 | Std:   1.6 | Mean race time:   6272.6s
02:16:00 │ INFO     │   Step  250,000 | Mean reward:   -17.1 | Std:   1.7 | Mean race time:   6306.4s
02:18:01 │ INFO     │   Step  300,000 | Mean reward:   -17.8 | Std:   2.0 | Mean race time:   6279.5s
02:20:01 │ INFO     │   Step  350,000 | Mean reward:   -18.0 | Std:   1.8 | Mean race time:   6256.9s
02:22:01 │ INFO     │   Step  400,000 | Mean reward:   -17.4 | Std:   1.5 | Mean race time:   6268.0s
02:24:33 │ INFO     │   Step  450,000 | Mean reward:   -17.5 | Std:   1.7 | Mean race time:   6262.2s
02:27:52 │ INFO     │   Step  500,000 | Mean reward:   -17.7 | Std:   1.8 | Mean race time:   6280.7s
02:28:00 │ INFO     │ 
  ✓ Training complete in 1319s
02:28:00 │ INFO     │     Races simulated: ~7,575
02:28:00 │ INFO     │     Speed: 379 steps/sec
02:28:00 │ INFO     │     Saved: models/rl/ppo_barcelona_2025
02:28:00 │ INFO     │ 
  Evaluating (100 races)...
02:28:08 │ INFO     │     Median race time: 6185.9s
02:28:08 │ INFO     │     Mean stops:       1.66
02:28:08 │ INFO     │     Mean SC events:   0.40
02:28:08 │ INFO     │     Compound variety: 2.5 types
02:28:08 │ INFO     │     Legal races:      100%
