21:50:29 │ INFO     │ =================================================================
21:50:29 │ INFO     │   TRAINING RL AGENT — MONZA
21:50:29 │ INFO     │ =================================================================
21:50:30 │ INFO     │   Circuit:    monza
21:50:30 │ INFO     │   Timesteps:  500,000
21:50:30 │ INFO     │   Obs space:  (14,)
21:50:30 │ INFO     │   Action:     Discrete(2) — stay/pit
/home/imsounic/f1-strategy-optimizer/venv/lib/python3.12/site-packages/stable_baselines3/common/on_policy_algorithm.py:150: UserWarning: You are trying to run PPO on the GPU, but it is primarily intended to run on the CPU when not using a CNN policy (you are using ActorCriticPolicy which should be a MlpPolicy). See https://github.com/DLR-RM/stable-baselines3/issues/1245 for more info. You can pass `device='cpu'` or `export CUDA_VISIBLE_DEVICES=` to force using the CPU.Note: The model will train, but the GPU utilization will be poor and the training might take longer than on CPU.
  warnings.warn(
21:50:31 │ INFO     │   Policy:     MLP [128, 128]
21:50:31 │ INFO     │   Algorithm:  PPO (gamma=0.998, lr=0.0003)
21:50:31 │ INFO     │ 
  Training...
21:52:24 │ INFO     │   Step   50,000 | Mean reward:   -16.5 | Std:   8.3 | Mean race time:   5073.0s
21:54:24 │ INFO     │   Step  100,000 | Mean reward:   -14.6 | Std:   1.6 | Mean race time:   5048.4s
21:56:23 │ INFO     │   Step  150,000 | Mean reward:   -14.8 | Std:   2.0 | Mean race time:   5024.6s
21:58:24 │ INFO     │   Step  200,000 | Mean reward:   -14.5 | Std:   1.9 | Mean race time:   5048.9s
22:01:10 │ INFO     │   Step  250,000 | Mean reward:   -14.9 | Std:   2.1 | Mean race time:   5073.5s
22:04:31 │ INFO     │   Step  300,000 | Mean reward:   -15.2 | Std:   1.9 | Mean race time:   5039.4s
22:07:52 │ INFO     │   Step  350,000 | Mean reward:   -15.0 | Std:   1.8 | Mean race time:   5038.0s
22:11:16 │ INFO     │   Step  400,000 | Mean reward:   -14.8 | Std:   1.6 | Mean race time:   5046.8s
22:14:35 │ INFO     │   Step  450,000 | Mean reward:   -14.8 | Std:   2.3 | Mean race time:   5077.0s
22:17:55 │ INFO     │   Step  500,000 | Mean reward:   -14.4 | Std:   1.7 | Mean race time:   5029.4s
22:18:02 │ INFO     │ 
  ✓ Training complete in 1652s
22:18:02 │ INFO     │     Races simulated: ~9,433
22:18:02 │ INFO     │     Speed: 303 steps/sec
22:18:02 │ INFO     │     Saved: models/rl/ppo_monza_2025
22:18:02 │ INFO     │ 
  Evaluating (100 races)...
22:18:10 │ INFO     │     Median race time: 4967.7s
22:18:10 │ INFO     │     Mean stops:       0.57
22:18:10 │ INFO     │     Mean SC events:   0.35
22:18:10 │ INFO     │     Compound variety: 1.6 types
22:18:10 │ INFO     │     Legal races:      47%
