16:46:13 │ INFO     │ =================================================================
16:46:13 │ INFO     │   TRAINING RL AGENT — SINGAPORE
16:46:13 │ INFO     │ =================================================================
16:46:14 │ INFO     │   Circuit:    singapore
16:46:14 │ INFO     │   Timesteps:  500,000
16:46:14 │ INFO     │   Obs space:  (14,)
16:46:14 │ INFO     │   Action:     Discrete(2) — stay/pit
/home/imsounic/f1-strategy-optimizer/venv/lib/python3.12/site-packages/stable_baselines3/common/on_policy_algorithm.py:150: UserWarning: You are trying to run PPO on the GPU, but it is primarily intended to run on the CPU when not using a CNN policy (you are using ActorCriticPolicy which should be a MlpPolicy). See https://github.com/DLR-RM/stable-baselines3/issues/1245 for more info. You can pass `device='cpu'` or `export CUDA_VISIBLE_DEVICES=` to force using the CPU.Note: The model will train, but the GPU utilization will be poor and the training might take longer than on CPU.
  warnings.warn(
16:46:15 │ INFO     │   Policy:     MLP [128, 128]
16:46:15 │ INFO     │   Algorithm:  PPO (gamma=0.998, lr=0.0003)
16:46:15 │ INFO     │ 
  Training...
16:52:19 │ INFO     │   Step   50,000 | Mean reward:   -18.0 | Std:   5.4 | Mean race time:   5953.7s
16:54:27 │ INFO     │   Step  100,000 | Mean reward:   -17.9 | Std:   7.2 | Mean race time:   5951.2s
17:00:06 │ INFO     │   Step  150,000 | Mean reward:   -17.1 | Std:   5.3 | Mean race time:   5917.3s
17:07:33 │ INFO     │   Step  200,000 | Mean reward:   -16.6 | Std:   2.4 | Mean race time:   5956.0s
17:16:26 │ INFO     │   Step  250,000 | Mean reward:   -16.8 | Std:   2.5 | Mean race time:   5938.9s
17:28:16 │ INFO     │   Step  300,000 | Mean reward:   -16.1 | Std:   2.1 | Mean race time:   5942.1s
17:38:47 │ INFO     │   Step  350,000 | Mean reward:   -16.5 | Std:   2.0 | Mean race time:   5939.0s
17:47:34 │ INFO     │   Step  400,000 | Mean reward:   -16.5 | Std:   2.2 | Mean race time:   5951.8s
17:54:54 │ INFO     │   Step  450,000 | Mean reward:   -17.0 | Std:   2.3 | Mean race time:   5920.6s
18:01:07 │ INFO     │   Step  500,000 | Mean reward:   -16.7 | Std:   1.9 | Mean race time:   5944.8s
18:01:19 │ INFO     │ 
  ✓ Training complete in 4504s
18:01:19 │ INFO     │     Races simulated: ~8,064
18:01:19 │ INFO     │     Speed: 111 steps/sec
18:01:19 │ INFO     │     Saved: models/rl/ppo_singapore_2025
18:01:19 │ INFO     │ 
  Evaluating (100 races)...
18:01:35 │ INFO     │     Median race time: 5901.7s
18:01:35 │ INFO     │     Mean stops:       1.41
18:01:35 │ INFO     │     Mean SC events:   0.60
18:01:35 │ INFO     │     Compound variety: 2.4 types
18:01:35 │ INFO     │     Legal races:      100%
