00:47:00 │ INFO     │ =================================================================
00:47:00 │ INFO     │   TRAINING RL AGENT — MEXICO
00:47:00 │ INFO     │ =================================================================
00:47:00 │ INFO     │   Circuit:    mexico
00:47:00 │ INFO     │   Timesteps:  500,000
00:47:00 │ INFO     │   Obs space:  (14,)
00:47:00 │ INFO     │   Action:     Discrete(2) — stay/pit
/home/imsounic/f1-strategy-optimizer/venv/lib/python3.12/site-packages/stable_baselines3/common/on_policy_algorithm.py:150: UserWarning: You are trying to run PPO on the GPU, but it is primarily intended to run on the CPU when not using a CNN policy (you are using ActorCriticPolicy which should be a MlpPolicy). See https://github.com/DLR-RM/stable-baselines3/issues/1245 for more info. You can pass `device='cpu'` or `export CUDA_VISIBLE_DEVICES=` to force using the CPU.Note: The model will train, but the GPU utilization will be poor and the training might take longer than on CPU.
  warnings.warn(
00:47:01 │ INFO     │   Policy:     MLP [128, 128]
00:47:01 │ INFO     │   Algorithm:  PPO (gamma=0.998, lr=0.0003)
00:47:01 │ INFO     │ 
  Training...
00:48:51 │ INFO     │   Step   50,000 | Mean reward:   -18.1 | Std:   2.6 | Mean race time:   6837.8s
00:50:42 │ INFO     │   Step  100,000 | Mean reward:   -17.7 | Std:   2.0 | Mean race time:   6816.8s
00:52:34 │ INFO     │   Step  150,000 | Mean reward:   -17.8 | Std:   2.2 | Mean race time:   6807.5s
00:54:21 │ INFO     │   Step  200,000 | Mean reward:   -17.5 | Std:   2.1 | Mean race time:   6802.5s
00:56:12 │ INFO     │   Step  250,000 | Mean reward:   -17.7 | Std:   2.2 | Mean race time:   6830.5s
00:58:01 │ INFO     │   Step  300,000 | Mean reward:   -17.4 | Std:   1.8 | Mean race time:   6783.4s
00:59:57 │ INFO     │   Step  350,000 | Mean reward:   -17.9 | Std:   1.8 | Mean race time:   6792.0s
01:01:52 │ INFO     │   Step  400,000 | Mean reward:   -18.7 | Std:   7.6 | Mean race time:   6782.2s
01:03:44 │ INFO     │   Step  450,000 | Mean reward:   -17.3 | Std:   2.0 | Mean race time:   6793.4s
01:05:36 │ INFO     │   Step  500,000 | Mean reward:   -17.2 | Std:   1.8 | Mean race time:   6799.0s
01:05:41 │ INFO     │ 
  ✓ Training complete in 1120s
01:05:41 │ INFO     │     Races simulated: ~7,042
01:05:41 │ INFO     │     Speed: 447 steps/sec
01:05:41 │ INFO     │     Saved: models/rl/ppo_mexico_2025
01:05:41 │ INFO     │ 
  Evaluating (100 races)...
01:05:46 │ INFO     │     Median race time: 6754.4s
01:05:46 │ INFO     │     Mean stops:       1.57
01:05:46 │ INFO     │     Mean SC events:   0.57
01:05:46 │ INFO     │     Compound variety: 2.3 types
01:05:46 │ INFO     │     Legal races:      85%
