20:15:26 │ INFO     │ =================================================================
20:15:26 │ INFO     │   TRAINING RL AGENT — SPA
20:15:26 │ INFO     │ =================================================================
20:15:27 │ INFO     │   Circuit:    spa
20:15:27 │ INFO     │   Timesteps:  500,000
20:15:27 │ INFO     │   Obs space:  (14,)
20:15:27 │ INFO     │   Action:     Discrete(2) — stay/pit
/home/imsounic/f1-strategy-optimizer/venv/lib/python3.12/site-packages/stable_baselines3/common/on_policy_algorithm.py:150: UserWarning: You are trying to run PPO on the GPU, but it is primarily intended to run on the CPU when not using a CNN policy (you are using ActorCriticPolicy which should be a MlpPolicy). See https://github.com/DLR-RM/stable-baselines3/issues/1245 for more info. You can pass `device='cpu'` or `export CUDA_VISIBLE_DEVICES=` to force using the CPU.Note: The model will train, but the GPU utilization will be poor and the training might take longer than on CPU.
  warnings.warn(
20:15:29 │ INFO     │   Policy:     MLP [128, 128]
20:15:29 │ INFO     │   Algorithm:  PPO (gamma=0.998, lr=0.0003)
20:15:29 │ INFO     │ 
  Training...
20:17:27 │ INFO     │   Step   50,000 | Mean reward:   -15.7 | Std:  10.9 | Mean race time:   4217.2s
20:19:24 │ INFO     │   Step  100,000 | Mean reward:   -12.7 | Std:   4.9 | Mean race time:   4210.3s
20:21:35 │ INFO     │   Step  150,000 | Mean reward:   -11.9 | Std:   2.0 | Mean race time:   4185.4s
20:23:41 │ INFO     │   Step  200,000 | Mean reward:   -12.3 | Std:   4.9 | Mean race time:   4188.6s
20:25:50 │ INFO     │   Step  250,000 | Mean reward:   -11.8 | Std:   1.9 | Mean race time:   4193.3s
20:28:02 │ INFO     │   Step  300,000 | Mean reward:   -12.2 | Std:   2.2 | Mean race time:   4194.0s
20:29:51 │ INFO     │   Step  350,000 | Mean reward:   -11.9 | Std:   1.8 | Mean race time:   4200.9s
20:31:41 │ INFO     │   Step  400,000 | Mean reward:   -11.8 | Std:   2.0 | Mean race time:   4186.4s
20:33:46 │ INFO     │   Step  450,000 | Mean reward:   -11.7 | Std:   2.1 | Mean race time:   4207.2s
20:35:57 │ INFO     │   Step  500,000 | Mean reward:   -11.5 | Std:   2.1 | Mean race time:   4213.0s
20:36:01 │ INFO     │ 
  ✓ Training complete in 1232s
20:36:01 │ INFO     │     Races simulated: ~11,363
20:36:01 │ INFO     │     Speed: 406 steps/sec
20:36:01 │ INFO     │     Saved: models/rl/ppo_spa_2025
20:36:01 │ INFO     │ 
  Evaluating (100 races)...
20:36:05 │ INFO     │     Median race time: 4145.9s
20:36:05 │ INFO     │     Mean stops:       1.16
20:36:05 │ INFO     │     Mean SC events:   0.53
20:36:05 │ INFO     │     Compound variety: 2.2 types
20:36:05 │ INFO     │     Legal races:      100%
