23:00:50 │ INFO     │ =================================================================
23:00:50 │ INFO     │   TRAINING RL AGENT — MONTREAL
23:00:50 │ INFO     │ =================================================================
23:00:51 │ INFO     │   Circuit:    montreal
23:00:51 │ INFO     │   Timesteps:  500,000
23:00:51 │ INFO     │   Obs space:  (14,)
23:00:51 │ INFO     │   Action:     Discrete(2) — stay/pit
/home/imsounic/f1-strategy-optimizer/venv/lib/python3.12/site-packages/stable_baselines3/common/on_policy_algorithm.py:150: UserWarning: You are trying to run PPO on the GPU, but it is primarily intended to run on the CPU when not using a CNN policy (you are using ActorCriticPolicy which should be a MlpPolicy). See https://github.com/DLR-RM/stable-baselines3/issues/1245 for more info. You can pass `device='cpu'` or `export CUDA_VISIBLE_DEVICES=` to force using the CPU.Note: The model will train, but the GPU utilization will be poor and the training might take longer than on CPU.
  warnings.warn(
23:00:52 │ INFO     │   Policy:     MLP [128, 128]
23:00:52 │ INFO     │   Algorithm:  PPO (gamma=0.998, lr=0.0003)
23:00:52 │ INFO     │ 
  Training...
23:04:46 │ INFO     │   Step   50,000 | Mean reward:   -17.9 | Std:   5.7 | Mean race time:   6813.4s
23:08:40 │ INFO     │   Step  100,000 | Mean reward:   -16.5 | Std:   2.4 | Mean race time:   6782.2s
23:12:32 │ INFO     │   Step  150,000 | Mean reward:   -16.9 | Std:   2.2 | Mean race time:   6816.2s
23:16:17 │ INFO     │   Step  200,000 | Mean reward:   -17.3 | Std:   2.2 | Mean race time:   6782.0s
23:20:06 │ INFO     │   Step  250,000 | Mean reward:   -16.9 | Std:   2.3 | Mean race time:   6790.8s
23:24:06 │ INFO     │   Step  300,000 | Mean reward:   -16.8 | Std:   2.1 | Mean race time:   6774.1s
23:28:02 │ INFO     │   Step  350,000 | Mean reward:   -16.7 | Std:   2.3 | Mean race time:   6793.2s
23:31:52 │ INFO     │   Step  400,000 | Mean reward:   -16.6 | Std:   2.0 | Mean race time:   6790.2s
23:35:49 │ INFO     │   Step  450,000 | Mean reward:   -16.6 | Std:   1.9 | Mean race time:   6776.6s
23:39:33 │ INFO     │   Step  500,000 | Mean reward:   -17.0 | Std:   2.2 | Mean race time:   6755.0s
23:39:41 │ INFO     │ 
  ✓ Training complete in 2328s
23:39:41 │ INFO     │     Races simulated: ~7,142
23:39:41 │ INFO     │     Speed: 215 steps/sec
23:39:41 │ INFO     │     Saved: models/rl/ppo_montreal_2025
23:39:41 │ INFO     │ 
  Evaluating (100 races)...
23:39:51 │ INFO     │     Median race time: 6785.8s
23:39:51 │ INFO     │     Mean stops:       1.65
23:39:51 │ INFO     │     Mean SC events:   1.30
23:39:51 │ INFO     │     Compound variety: 2.3 types
23:39:51 │ INFO     │     Legal races:      75%
