15:26:12 │ INFO     │ =================================================================
15:26:12 │ INFO     │   TRAINING RL AGENT — MONACO
15:26:12 │ INFO     │ =================================================================
15:26:13 │ INFO     │   Circuit:    monaco
15:26:13 │ INFO     │   Timesteps:  500,000
15:26:13 │ INFO     │   Obs space:  (14,)
15:26:13 │ INFO     │   Action:     Discrete(2) — stay/pit
/home/imsounic/f1-strategy-optimizer/venv/lib/python3.12/site-packages/stable_baselines3/common/on_policy_algorithm.py:150: UserWarning: You are trying to run PPO on the GPU, but it is primarily intended to run on the CPU when not using a CNN policy (you are using ActorCriticPolicy which should be a MlpPolicy). See https://github.com/DLR-RM/stable-baselines3/issues/1245 for more info. You can pass `device='cpu'` or `export CUDA_VISIBLE_DEVICES=` to force using the CPU.Note: The model will train, but the GPU utilization will be poor and the training might take longer than on CPU.
  warnings.warn(
15:26:14 │ INFO     │   Policy:     MLP [128, 128]
15:26:14 │ INFO     │   Algorithm:  PPO (gamma=0.998, lr=0.0003)
15:26:14 │ INFO     │ 
  Training...
15:34:08 │ INFO     │   Step   50,000 | Mean reward:   -15.0 | Std:   5.2 | Mean race time:   7395.9s
15:40:42 │ INFO     │   Step  100,000 | Mean reward:   -15.6 | Std:  10.7 | Mean race time:   7361.4s
15:49:35 │ INFO     │   Step  150,000 | Mean reward:   -13.5 | Std:   2.0 | Mean race time:   7367.2s
15:57:20 │ INFO     │   Step  200,000 | Mean reward:   -13.6 | Std:   1.8 | Mean race time:   7381.3s
16:04:38 │ INFO     │   Step  250,000 | Mean reward:   -14.3 | Std:   5.1 | Mean race time:   7409.5s
16:12:56 │ INFO     │   Step  300,000 | Mean reward:   -15.1 | Std:   7.3 | Mean race time:   7387.5s
16:20:09 │ INFO     │   Step  350,000 | Mean reward:   -13.8 | Std:   5.0 | Mean race time:   7352.9s
16:28:07 │ INFO     │   Step  400,000 | Mean reward:   -13.5 | Std:   1.7 | Mean race time:   7351.9s
16:34:32 │ INFO     │   Step  450,000 | Mean reward:   -12.8 | Std:   1.5 | Mean race time:   7385.4s
16:41:07 │ INFO     │   Step  500,000 | Mean reward:   -13.7 | Std:   1.7 | Mean race time:   7351.1s
16:41:21 │ INFO     │ 
  ✓ Training complete in 4507s
16:41:21 │ INFO     │     Races simulated: ~6,410
16:41:21 │ INFO     │     Speed: 111 steps/sec
16:41:21 │ INFO     │     Saved: models/rl/ppo_monaco_2025
16:41:21 │ INFO     │ 
  Evaluating (100 races)...
16:41:41 │ INFO     │     Median race time: 7337.8s
16:41:41 │ INFO     │     Mean stops:       1.13
16:41:41 │ INFO     │     Mean SC events:   0.64
16:41:41 │ INFO     │     Compound variety: 2.1 types
16:41:41 │ INFO     │     Legal races:      100%
