01:07:07 │ INFO     │ =================================================================
01:07:07 │ INFO     │   TRAINING RL AGENT — COTA
01:07:07 │ INFO     │ =================================================================
01:07:08 │ INFO     │   Circuit:    cota
01:07:08 │ INFO     │   Timesteps:  500,000
01:07:08 │ INFO     │   Obs space:  (14,)
01:07:08 │ INFO     │   Action:     Discrete(2) — stay/pit
/home/imsounic/f1-strategy-optimizer/venv/lib/python3.12/site-packages/stable_baselines3/common/on_policy_algorithm.py:150: UserWarning: You are trying to run PPO on the GPU, but it is primarily intended to run on the CPU when not using a CNN policy (you are using ActorCriticPolicy which should be a MlpPolicy). See https://github.com/DLR-RM/stable-baselines3/issues/1245 for more info. You can pass `device='cpu'` or `export CUDA_VISIBLE_DEVICES=` to force using the CPU.Note: The model will train, but the GPU utilization will be poor and the training might take longer than on CPU.
  warnings.warn(
01:07:09 │ INFO     │   Policy:     MLP [128, 128]
01:07:09 │ INFO     │   Algorithm:  PPO (gamma=0.998, lr=0.0003)
01:07:09 │ INFO     │ 
  Training...
01:09:01 │ INFO     │   Step   50,000 | Mean reward:   -17.8 | Std:   7.4 | Mean race time:   5378.9s
01:10:49 │ INFO     │   Step  100,000 | Mean reward:   -15.4 | Std:   2.0 | Mean race time:   5365.3s
01:12:40 │ INFO     │   Step  150,000 | Mean reward:   -15.1 | Std:   1.9 | Mean race time:   5370.2s
01:14:23 │ INFO     │   Step  200,000 | Mean reward:   -14.9 | Std:   1.8 | Mean race time:   5364.7s
01:16:09 │ INFO     │   Step  250,000 | Mean reward:   -15.0 | Std:   1.7 | Mean race time:   5356.9s
01:18:02 │ INFO     │   Step  300,000 | Mean reward:   -15.4 | Std:   1.8 | Mean race time:   5355.1s
01:19:48 │ INFO     │   Step  350,000 | Mean reward:   -15.5 | Std:   1.9 | Mean race time:   5353.0s
01:21:38 │ INFO     │   Step  400,000 | Mean reward:   -15.0 | Std:   1.7 | Mean race time:   5403.8s
01:23:30 │ INFO     │   Step  450,000 | Mean reward:   -15.6 | Std:   1.9 | Mean race time:   5373.7s
01:25:16 │ INFO     │   Step  500,000 | Mean reward:   -15.5 | Std:   1.9 | Mean race time:   5368.7s
01:25:20 │ INFO     │ 
  ✓ Training complete in 1091s
01:25:20 │ INFO     │     Races simulated: ~8,928
01:25:20 │ INFO     │     Speed: 458 steps/sec
01:25:20 │ INFO     │     Saved: models/rl/ppo_cota_2025
01:25:20 │ INFO     │ 
  Evaluating (100 races)...
01:25:24 │ INFO     │     Median race time: 5319.9s
01:25:24 │ INFO     │     Mean stops:       1.23
01:25:24 │ INFO     │     Mean SC events:   0.61
01:25:24 │ INFO     │     Compound variety: 2.2 types
01:25:24 │ INFO     │     Legal races:      100%
